<?xml version="1.0"?><coverage lines-covered="179" lines-valid="224" line-rate="0.7991071428571429" branches-covered="0" branches-valid="0" branch-rate="0" complexity="0" version="1.9" timestamp="1769079777"><sources><source>/Users/vj/workspace/sovereign/sovereign</source></sources><packages><package name="core/tests" line-rate="1" branch-rate="0" complexity="0"><classes><class name="block_tests" filename="core/tests/block_tests.rs" line-rate="1" branch-rate="0" complexity="0"><methods/><lines><line number="8" hits="9"/><line number="9" hits="18"/><line number="12" hits="12"/><line number="13" hits="36"/><line number="14" hits="24"/><line number="15" hits="60"/><line number="18" hits="5"/><line number="19" hits="10"/><line number="20" hits="15"/><line number="21" hits="45"/><line number="22" hits="5"/></lines></class></classes></package><package name="core/src/graph" line-rate="0.7244897959183674" branch-rate="0" complexity="0"><classes><class name="block" filename="core/src/graph/block.rs" line-rate="0.825" branch-rate="0" complexity="0"><methods/><lines><line number="21" hits="15"/><line number="28" hits="45"/><line number="29" hits="45"/><line number="32" hits="90"/><line number="35" hits="60"/><line number="37" hits="15"/><line number="38" hits="30"/><line number="43" hits="45"/><line number="52" hits="11"/><line number="53" hits="11"/><line number="56" hits="1"/><line number="57" hits="1"/><line number="60" hits="1"/><line number="61" hits="1"/><line number="64" hits="4"/><line number="65" hits="4"/><line number="68" hits="0"/><line number="69" hits="0"/><line number="72" hits="0"/><line number="73" hits="0"/><line number="76" hits="5"/><line number="78" hits="5"/><line number="79" hits="25"/><line number="80" hits="5"/><line number="81" hits="1"/><line number="82" hits="1"/><line number="83" hits="1"/><line number="88" hits="0"/><line number="89" hits="0"/><line number="90" hits="2"/><line number="94" hits="20"/><line number="100" hits="40"/><line number="101" hits="40"/><line number="103" hits="80"/><line number="104" hits="80"/><line number="105" hits="80"/><line number="106" hits="80"/><line number="108" hits="28"/><line number="109" hits="0"/><line number="112" hits="40"/></lines></class><class name="manifest" filename="core/src/graph/manifest.rs" line-rate="0.68" branch-rate="0" complexity="0"><methods/><lines><line number="23" hits="7"/><line number="29" hits="21"/><line number="30" hits="21"/><line number="32" hits="21"/><line number="33" hits="14"/><line number="34" hits="21"/><line number="36" hits="49"/><line number="38" hits="28"/><line number="40" hits="7"/><line number="41" hits="14"/><line number="55" hits="4"/><line number="56" hits="4"/><line number="59" hits="0"/><line number="60" hits="0"/><line number="63" hits="0"/><line number="64" hits="0"/><line number="67" hits="3"/><line number="68" hits="3"/><line number="71" hits="0"/><line number="72" hits="0"/><line number="75" hits="0"/><line number="76" hits="0"/><line number="79" hits="7"/><line number="80" hits="7"/><line number="83" hits="7"/><line number="84" hits="14"/><line number="85" hits="2"/><line number="88" hits="0"/><line number="90" hits="10"/><line number="91" hits="5"/><line number="92" hits="6"/><line number="93" hits="0"/><line number="94" hits="0"/><line number="95" hits="0"/><line number="96" hits="5"/><line number="97" hits="10"/><line number="99" hits="1"/><line number="101" hits="0"/><line number="103" hits="0"/><line number="106" hits="0"/><line number="109" hits="7"/><line number="116" hits="14"/><line number="117" hits="14"/><line number="118" hits="28"/><line number="119" hits="28"/><line number="120" hits="11"/><line number="121" hits="0"/><line number="123" hits="28"/><line number="124" hits="28"/><line number="126" hits="14"/></lines></class><class name="mod" filename="core/src/graph/mod.rs" line-rate="0.5" branch-rate="0" complexity="0"><methods/><lines><line number="12" hits="25"/><line number="13" hits="25"/><line number="18" hits="0"/><line number="19" hits="0"/><line number="27" hits="19"/><line number="28" hits="19"/><line number="33" hits="0"/><line number="34" hits="0"/></lines></class></classes></package><package name="core/src/identity" line-rate="0.8055555555555556" branch-rate="0" complexity="0"><classes><class name="mod" filename="core/src/identity/mod.rs" line-rate="0.8055555555555556" branch-rate="0" complexity="0"><methods/><lines><line number="17" hits="22"/><line number="24" hits="26"/><line number="25" hits="26"/><line number="28" hits="2"/><line number="29" hits="2"/><line number="32" hits="4"/><line number="33" hits="16"/><line number="44" hits="20"/><line number="45" hits="60"/><line number="46" hits="40"/><line number="49" hits="4"/><line number="50" hits="2"/><line number="51" hits="22"/><line number="52" hits="0"/><line number="54" hits="0"/><line number="55" hits="0"/><line number="56" hits="0"/><line number="58" hits="0"/><line number="61" hits="22"/><line number="62" hits="66"/><line number="64" hits="88"/><line number="65" hits="66"/><line number="68" hits="66"/><line number="69" hits="44"/><line number="73" hits="88"/><line number="74" hits="66"/><line number="79" hits="0"/><line number="80" hits="0"/><line number="83" hits="24"/><line number="84" hits="72"/><line number="85" hits="96"/><line number="86" hits="72"/><line number="89" hits="31"/><line number="90" hits="31"/><line number="93" hits="3"/><line number="94" hits="3"/></lines></class></classes></package><package name="core/src" line-rate="0.7887323943661971" branch-rate="0" complexity="0"><classes><class name="crypto" filename="core/src/crypto.rs" line-rate="0.8607594936708861" branch-rate="0" complexity="0"><methods/><lines><line number="18" hits="22"/><line number="19" hits="22"/><line number="22" hits="7"/><line number="23" hits="7"/><line number="26" hits="9"/><line number="27" hits="27"/><line number="28" hits="9"/><line number="30" hits="9"/><line number="31" hits="1"/><line number="34" hits="3"/><line number="35" hits="3"/><line number="38" hits="5"/><line number="46" hits="22"/><line number="47" hits="22"/><line number="50" hits="24"/><line number="51" hits="24"/><line number="61" hits="24"/><line number="62" hits="24"/><line number="65" hits="5"/><line number="66" hits="5"/><line number="74" hits="22"/><line number="75" hits="22"/><line number="78" hits="3"/><line number="79" hits="3"/><line number="89" hits="19"/><line number="90" hits="19"/><line number="93" hits="8"/><line number="94" hits="16"/><line number="95" hits="24"/><line number="96" hits="8"/><line number="99" hits="30"/><line number="100" hits="30"/><line number="105" hits="0"/><line number="106" hits="0"/><line number="114" hits="26"/><line number="115" hits="26"/><line number="118" hits="9"/><line number="119" hits="9"/><line number="130" hits="17"/><line number="135" hits="68"/><line number="136" hits="51"/><line number="138" hits="34"/><line number="139" hits="51"/><line number="140" hits="17"/><line number="142" hits="0"/><line number="143" hits="0"/><line number="144" hits="0"/><line number="148" hits="7"/><line number="149" hits="28"/><line number="150" hits="21"/><line number="152" hits="11"/><line number="153" hits="28"/><line number="154" hits="16"/><line number="156" hits="0"/><line number="159" hits="24"/><line number="160" hits="24"/><line number="163" hits="20"/><line number="164" hits="20"/><line number="176" hits="2"/><line number="182" hits="6"/><line number="183" hits="6"/><line number="185" hits="6"/><line number="188" hits="8"/><line number="190" hits="6"/><line number="193" hits="4"/><line number="194" hits="6"/><line number="196" hits="10"/><line number="198" hits="0"/><line number="199" hits="0"/><line number="200" hits="0"/><line number="204" hits="3"/><line number="205" hits="9"/><line number="206" hits="9"/><line number="209" hits="12"/><line number="210" hits="9"/><line number="213" hits="12"/><line number="215" hits="1"/><line number="216" hits="0"/><line number="219" hits="0"/></lines></class></classes></package></packages></coverage>